18-Oct-2024 11:01:46.326 INFO [main] org.apache.catalina.startup.VersionLoggerListener.log Nom version serveur :              Apache Tomcat/9.0.95
18-Oct-2024 11:01:46.331 INFO [main] org.apache.catalina.startup.VersionLoggerListener.log Serveur compilé :                  Sep 13 2024 18:07:47 UTC
18-Oct-2024 11:01:46.332 INFO [main] org.apache.catalina.startup.VersionLoggerListener.log Version du serveur :               9.0.95.0
18-Oct-2024 11:01:46.332 INFO [main] org.apache.catalina.startup.VersionLoggerListener.log Nom de l'OS :                      Windows 11
18-Oct-2024 11:01:46.332 INFO [main] org.apache.catalina.startup.VersionLoggerListener.log Version OS :                       10.0
18-Oct-2024 11:01:46.332 INFO [main] org.apache.catalina.startup.VersionLoggerListener.log Architecture :                     amd64
18-Oct-2024 11:01:46.332 INFO [main] org.apache.catalina.startup.VersionLoggerListener.log Java Home :                        C:\Program Files\Java\jdk-11
18-Oct-2024 11:01:46.332 INFO [main] org.apache.catalina.startup.VersionLoggerListener.log Version JVM :                      11.0.21+9-LTS-193
18-Oct-2024 11:01:46.332 INFO [main] org.apache.catalina.startup.VersionLoggerListener.log Fournisseur de la JVM :            Oracle Corporation
18-Oct-2024 11:01:46.332 INFO [main] org.apache.catalina.startup.VersionLoggerListener.log CATALINA_BASE :                    C:\Users\Youcode\IdeaProjects\testmaven02
18-Oct-2024 11:01:46.333 INFO [main] org.apache.catalina.startup.VersionLoggerListener.log CATALINA_HOME :                    C:\Users\Youcode\Downloads\apache-tomcat-9.0.95-windows-x64\apache-tomcat-9.0.95
18-Oct-2024 11:01:46.349 INFO [main] org.apache.catalina.startup.VersionLoggerListener.log Argument de la ligne de commande : --add-opens=java.base/java.lang=ALL-UNNAMED
18-Oct-2024 11:01:46.350 INFO [main] org.apache.catalina.startup.VersionLoggerListener.log Argument de la ligne de commande : --add-opens=java.base/java.io=ALL-UNNAMED
18-Oct-2024 11:01:46.350 INFO [main] org.apache.catalina.startup.VersionLoggerListener.log Argument de la ligne de commande : --add-opens=java.base/java.util=ALL-UNNAMED
18-Oct-2024 11:01:46.350 INFO [main] org.apache.catalina.startup.VersionLoggerListener.log Argument de la ligne de commande : --add-opens=java.base/java.util.concurrent=ALL-UNNAMED
18-Oct-2024 11:01:46.350 INFO [main] org.apache.catalina.startup.VersionLoggerListener.log Argument de la ligne de commande : --add-opens=java.rmi/sun.rmi.transport=ALL-UNNAMED
18-Oct-2024 11:01:46.350 INFO [main] org.apache.catalina.startup.VersionLoggerListener.log Argument de la ligne de commande : -Dcatalina.home=C:\Users\Youcode\Downloads\apache-tomcat-9.0.95-windows-x64\apache-tomcat-9.0.95
18-Oct-2024 11:01:46.350 INFO [main] org.apache.catalina.startup.VersionLoggerListener.log Argument de la ligne de commande : -Dcatalina.base=C:\Users\Youcode\IdeaProjects\testmaven02
18-Oct-2024 11:01:46.351 INFO [main] org.apache.catalina.startup.VersionLoggerListener.log Argument de la ligne de commande : -Djava.io.tmpdir=C:\Users\Youcode\IdeaProjects\testmaven02\temp
18-Oct-2024 11:01:46.351 INFO [main] org.apache.catalina.startup.VersionLoggerListener.log Argument de la ligne de commande : -Djava.util.logging.config.file=C:\Users\Youcode\IdeaProjects\testmaven02\conf\logging.properties
18-Oct-2024 11:01:46.351 INFO [main] org.apache.catalina.startup.VersionLoggerListener.log Argument de la ligne de commande : -Djava.util.logging.manager=org.apache.juli.ClassLoaderLogManager
18-Oct-2024 11:01:46.351 INFO [main] org.apache.catalina.startup.VersionLoggerListener.log Argument de la ligne de commande : -javaagent:C:\Program Files\JetBrains\IntelliJ IDEA 2023.1.3\lib\idea_rt.jar=56260:C:\Program Files\JetBrains\IntelliJ IDEA 2023.1.3\bin
18-Oct-2024 11:01:46.351 INFO [main] org.apache.catalina.startup.VersionLoggerListener.log Argument de la ligne de commande : -Dfile.encoding=UTF-8
18-Oct-2024 11:01:46.360 INFO [main] org.apache.catalina.core.AprLifecycleListener.lifecycleEvent Chargement de la librairie Apache Tomcat Native [1.3.1] en utilisant APR version [1.7.4]
18-Oct-2024 11:01:46.360 INFO [main] org.apache.catalina.core.AprLifecycleListener.lifecycleEvent Fonctionnalités d'APR : IPv6 [true], sendfile [true], accept filters [false], random [true], UDS [true]
18-Oct-2024 11:01:46.360 INFO [main] org.apache.catalina.core.AprLifecycleListener.lifecycleEvent Configuration de APR/OpenSSL : useAprConnector [false], useOpenSSL [true]
18-Oct-2024 11:01:46.383 INFO [main] org.apache.catalina.core.AprLifecycleListener.initializeSSL OpenSSL a été initialisé avec succès [OpenSSL 3.0.14 4 Jun 2024]
18-Oct-2024 11:01:46.894 INFO [main] org.apache.coyote.AbstractProtocol.init Initialisation du gestionnaire de protocole ["http-nio-8088"]
18-Oct-2024 11:01:46.930 INFO [main] org.apache.catalina.startup.Catalina.load L'initialisation du serveur a pris [975] millisecondes
18-Oct-2024 11:01:47.035 INFO [main] org.apache.catalina.core.StandardService.startInternal Démarrage du service [Catalina]
18-Oct-2024 11:01:47.036 INFO [main] org.apache.catalina.core.StandardEngine.startInternal Démarrage du moteur de Servlets : [Apache Tomcat/9.0.95]
18-Oct-2024 11:01:47.051 INFO [main] org.apache.catalina.startup.HostConfig.deployDescriptor Déploiement du descripteur de configuration [C:\Users\Youcode\IdeaProjects\testmaven02\conf\Catalina\localhost\ROOT.xml]
18-Oct-2024 11:01:48.795 INFO [main] org.apache.jasper.servlet.TldScanner.scanJars Au moins un fichier JAR a été analysé pour trouver des TLDs mais il n'en contenait pas, le mode "debug" du journal peut être activé pour obtenir une liste complète de JAR scannés sans succès ; éviter d'analyser des JARs inutilement peut améliorer sensiblement le temps de démarrage et le temps de compilation des JSPs
18-Oct-2024 11:01:49.070 WARNING [main] org.apache.catalina.util.SessionIdGeneratorBase.createSecureRandom La création de l'instance de SecureRandom pour le générateur d'id de session en utilisant [SHA1PRNG] a pris [221] millisecondes
18-Oct-2024 11:01:49.111 INFO [main] org.apache.catalina.startup.HostConfig.deployDescriptor Le traitement du descripteur de déploiement [C:\Users\Youcode\IdeaProjects\testmaven02\conf\Catalina\localhost\ROOT.xml] a pris [2 061] ms
18-Oct-2024 11:01:49.118 INFO [main] org.apache.coyote.AbstractProtocol.start Démarrage du gestionnaire de protocole ["http-nio-8088"]
18-Oct-2024 11:01:49.361 INFO [main] org.apache.catalina.startup.Catalina.start Le démarrage du serveur a pris [2431] millisecondes
18-Oct-2024 11:08:34.348 INFO [Thread-1] org.apache.coyote.AbstractProtocol.pause Le gestionnaire de protocole ["http-nio-8088"] est mis en pause
18-Oct-2024 11:08:34.591 INFO [Thread-1] org.apache.catalina.core.StandardService.stopInternal Arrêt du service [Catalina]
18-Oct-2024 11:08:34.609 INFO [Thread-1] org.apache.coyote.AbstractProtocol.stop Arrêt du gestionnaire de protocole ["http-nio-8088"]
18-Oct-2024 11:08:34.631 INFO [Thread-1] org.apache.coyote.AbstractProtocol.destroy Destruction du gestionnaire de protocole ["http-nio-8088"]
